[debug] [2023-04-16T21:46:16.707Z] ----------------------------------------------------------------------
[debug] [2023-04-16T21:46:16.709Z] Command:       C:\Program Files\nodejs\node.exe C:\Users\shouv\AppData\Roaming\npm\node_modules\firebase-tools\lib\bin\firebase.js init
[debug] [2023-04-16T21:46:16.709Z] CLI Version:   11.27.0
[debug] [2023-04-16T21:46:16.710Z] Platform:      win32
[debug] [2023-04-16T21:46:16.710Z] Node Version:  v18.14.2
[debug] [2023-04-16T21:46:16.711Z] Time:          Sun Apr 16 2023 14:46:16 GMT-0700 (Pacific Daylight Time)
[debug] [2023-04-16T21:46:16.711Z] ----------------------------------------------------------------------
[debug] 
[debug] [2023-04-16T21:46:16.718Z] > command requires scopes: ["email","openid","https://www.googleapis.com/auth/cloudplatformprojects.readonly","https://www.googleapis.com/auth/firebase","https://www.googleapis.com/auth/cloud-platform"]
[debug] [2023-04-16T21:46:16.718Z] > authorizing via signed-in user (sahmed@willamette.edu)
[info] 
     ######## #### ########  ######## ########     ###     ######  ########
     ##        ##  ##     ## ##       ##     ##  ##   ##  ##       ##
     ######    ##  ########  ######   ########  #########  ######  ######
     ##        ##  ##    ##  ##       ##     ## ##     ##       ## ##
     ##       #### ##     ## ######## ########  ##     ##  ######  ########

You're about to initialize a Firebase project in this directory:

  D:\Personal work\personal-projects\tms

[info] 
=== Project Setup
[info] 
[info] First, let's associate this project directory with a Firebase project.
[info] You can create multiple project aliases by running firebase use --add, 
[info] but for now we'll just set up a default project.
[info] 
[debug] [2023-04-16T21:46:41.054Z] >>> [apiv2][query] GET https://firebase.googleapis.com/v1beta1/projects pageSize=100
[debug] [2023-04-16T21:46:41.441Z] <<< [apiv2][status] GET https://firebase.googleapis.com/v1beta1/projects 200
[debug] [2023-04-16T21:46:41.441Z] <<< [apiv2][body] GET https://firebase.googleapis.com/v1beta1/projects [omitted]
[info] i  Using project wu-ims (w-ims) 
[info] 
=== Firestore Setup
[debug] [2023-04-16T21:46:43.418Z] >>> [apiv2][query] GET https://serviceusage.googleapis.com/v1/projects/wu-ims/services/firestore.googleapis.com [none]
[debug] [2023-04-16T21:46:43.419Z] >>> [apiv2][(partial)header] GET https://serviceusage.googleapis.com/v1/projects/wu-ims/services/firestore.googleapis.com x-goog-quota-user=projects/wu-ims
[debug] [2023-04-16T21:46:43.872Z] <<< [apiv2][status] GET https://serviceusage.googleapis.com/v1/projects/wu-ims/services/firestore.googleapis.com 200
[debug] [2023-04-16T21:46:43.872Z] <<< [apiv2][body] GET https://serviceusage.googleapis.com/v1/projects/wu-ims/services/firestore.googleapis.com [omitted]
[debug] [2023-04-16T21:46:43.873Z] >>> [apiv2][query] GET https://firestore.googleapis.com/v1/projects/wu-ims/databases/(default) [none]
[debug] [2023-04-16T21:46:44.078Z] <<< [apiv2][status] GET https://firestore.googleapis.com/v1/projects/wu-ims/databases/(default) 200
[debug] [2023-04-16T21:46:44.078Z] <<< [apiv2][body] GET https://firestore.googleapis.com/v1/projects/wu-ims/databases/(default) {"name":"projects/wu-ims/databases/(default)","uid":"88b59ff4-4d53-4337-bcba-250454d6b925","createTime":"2023-04-16T21:44:23.490647Z","updateTime":"2023-04-16T21:44:23.490647Z","locationId":"us-west1","type":"FIRESTORE_NATIVE","concurrencyMode":"PESSIMISTIC","appEngineIntegrationMode":"DISABLED","keyPrefix":"zuw","deleteProtectionState":"DELETE_PROTECTION_DISABLED","etag":"IJC46JSwr/4CMLXNqIKwr/4C"}
[debug] [2023-04-16T21:46:44.078Z] database_type: FIRESTORE_NATIVE
[debug] [2023-04-16T21:46:44.079Z] > command requires scopes: ["email","openid","https://www.googleapis.com/auth/cloudplatformprojects.readonly","https://www.googleapis.com/auth/firebase","https://www.googleapis.com/auth/cloud-platform"]
[debug] [2023-04-16T21:46:44.079Z] > authorizing via signed-in user (sahmed@willamette.edu)
[debug] [2023-04-16T21:46:44.079Z] [iam] checking project wu-ims for permissions ["firebase.projects.get"]
[debug] [2023-04-16T21:46:44.080Z] >>> [apiv2][query] POST https://cloudresourcemanager.googleapis.com/v1/projects/wu-ims:testIamPermissions [none]
[debug] [2023-04-16T21:46:44.081Z] >>> [apiv2][(partial)header] POST https://cloudresourcemanager.googleapis.com/v1/projects/wu-ims:testIamPermissions x-goog-quota-user=projects/wu-ims
[debug] [2023-04-16T21:46:44.081Z] >>> [apiv2][body] POST https://cloudresourcemanager.googleapis.com/v1/projects/wu-ims:testIamPermissions {"permissions":["firebase.projects.get"]}
[debug] [2023-04-16T21:46:45.819Z] <<< [apiv2][status] POST https://cloudresourcemanager.googleapis.com/v1/projects/wu-ims:testIamPermissions 200
[debug] [2023-04-16T21:46:45.820Z] <<< [apiv2][body] POST https://cloudresourcemanager.googleapis.com/v1/projects/wu-ims:testIamPermissions {"permissions":["firebase.projects.get"]}
[info] 
[info] Firestore Security Rules allow you to define how and when to allow
[info] requests. You can keep these rules in your project directory
[info] and publish them with firebase deploy.
[info] 
[debug] [2023-04-16T21:46:55.741Z] >>> [apiv2][query] GET https://firebaserules.googleapis.com/v1/projects/wu-ims/releases pageSize=10&pageToken=
[debug] [2023-04-16T21:46:56.822Z] <<< [apiv2][status] GET https://firebaserules.googleapis.com/v1/projects/wu-ims/releases 200
[debug] [2023-04-16T21:46:56.822Z] <<< [apiv2][body] GET https://firebaserules.googleapis.com/v1/projects/wu-ims/releases {"releases":[{"name":"projects/wu-ims/releases/cloud.firestore","rulesetName":"projects/wu-ims/rulesets/f27e584b-1099-4dd9-80b1-f23bfdf8e9bc","createTime":"2023-04-16T21:44:27.478517Z","updateTime":"2023-04-16T21:44:27.478517Z"}]}
[debug] [2023-04-16T21:46:56.822Z] Found ruleset: projects/wu-ims/rulesets/f27e584b-1099-4dd9-80b1-f23bfdf8e9bc
[debug] [2023-04-16T21:46:56.823Z] >>> [apiv2][query] GET https://firebaserules.googleapis.com/v1/projects/wu-ims/rulesets/f27e584b-1099-4dd9-80b1-f23bfdf8e9bc [none]
[debug] [2023-04-16T21:46:56.954Z] <<< [apiv2][status] GET https://firebaserules.googleapis.com/v1/projects/wu-ims/rulesets/f27e584b-1099-4dd9-80b1-f23bfdf8e9bc 200
[debug] [2023-04-16T21:46:56.955Z] <<< [apiv2][body] GET https://firebaserules.googleapis.com/v1/projects/wu-ims/rulesets/f27e584b-1099-4dd9-80b1-f23bfdf8e9bc [omitted]
[info] 
[info] Firestore indexes allow you to perform complex queries while
[info] maintaining performance that scales with the size of the result
[info] set. You can keep index definitions in your project directory
[info] and publish them with firebase deploy.
[info] 
[debug] [2023-04-16T21:47:10.116Z] >>> [apiv2][query] GET https://firestore.googleapis.com/v1/projects/wu-ims/databases/(default)/collectionGroups/-/indexes [none]
[debug] [2023-04-16T21:47:10.117Z] >>> [apiv2][query] GET https://firestore.googleapis.com/v1/projects/wu-ims/databases/(default)/collectionGroups/-/fields?filter=indexConfig.usesAncestorConfig=false OR ttlConfig:* [none]
[debug] [2023-04-16T21:47:10.280Z] <<< [apiv2][status] GET https://firestore.googleapis.com/v1/projects/wu-ims/databases/(default)/collectionGroups/-/indexes 200
[debug] [2023-04-16T21:47:10.280Z] <<< [apiv2][body] GET https://firestore.googleapis.com/v1/projects/wu-ims/databases/(default)/collectionGroups/-/indexes {}
[debug] [2023-04-16T21:47:12.029Z] <<< [apiv2][status] GET https://firestore.googleapis.com/v1/projects/wu-ims/databases/(default)/collectionGroups/-/fields?filter=indexConfig.usesAncestorConfig=false OR ttlConfig:* 200
[debug] [2023-04-16T21:47:12.029Z] <<< [apiv2][body] GET https://firestore.googleapis.com/v1/projects/wu-ims/databases/(default)/collectionGroups/-/fields?filter=indexConfig.usesAncestorConfig=false OR ttlConfig:* {"fields":[{"name":"projects/wu-ims/databases/(default)/collectionGroups/__default__/fields/*","indexConfig":{"indexes":[{"queryScope":"COLLECTION","fields":[{"fieldPath":"*","order":"ASCENDING"}],"state":"READY"},{"queryScope":"COLLECTION","fields":[{"fieldPath":"*","order":"DESCENDING"}],"state":"READY"},{"queryScope":"COLLECTION","fields":[{"fieldPath":"*","arrayConfig":"CONTAINS"}],"state":"READY"}]}}]}
[info] 
=== Hosting Setup
[info] 
[info] Your public directory is the folder (relative to your project directory) that
[info] will contain Hosting assets to be uploaded with firebase deploy. If you
[info] have a build process for your assets, use your build's output directory.
[info] 
